  [1m[35m (203.6ms)[0m  [1m[35mCREATE DATABASE "TodoApp_development" ENCODING = 'unicode'[0m
  ↳ bin/rails:9
  [1m[35m (103.6ms)[0m  [1m[35mCREATE DATABASE "TodoApp_test" ENCODING = 'unicode'[0m
  ↳ bin/rails:9
  [1m[35m (16.2ms)[0m  [1m[35mCREATE TABLE "schema_migrations" ("version" character varying NOT NULL PRIMARY KEY)[0m
  ↳ bin/rails:9
  [1m[35m (6.2ms)[0m  [1m[35mCREATE TABLE "ar_internal_metadata" ("key" character varying NOT NULL PRIMARY KEY, "value" character varying, "created_at" timestamp NOT NULL, "updated_at" timestamp NOT NULL)[0m
  ↳ bin/rails:9
  [1m[35m (0.7ms)[0m  [1m[34mSELECT pg_try_advisory_lock(482032964857270260)[0m
  ↳ bin/rails:9
  [1m[35m (0.6ms)[0m  [1m[34mSELECT "schema_migrations"."version" FROM "schema_migrations" ORDER BY "schema_migrations"."version" ASC[0m
  ↳ bin/rails:9
Migrating to CreateTodos (20201002213703)
  [1m[35m (0.2ms)[0m  [1m[35mBEGIN[0m
  ↳ bin/rails:9
  [1m[35m (6.3ms)[0m  [1m[35mCREATE TABLE "todos" ("id" bigserial primary key, "title" character varying NOT NULL, "body" character varying NOT NULL, "done" boolean NOT NULL, "created_at" timestamp NOT NULL, "updated_at" timestamp NOT NULL)[0m
  ↳ db/migrate/20201002213703_create_todos.rb:3
  [1m[36mActiveRecord::SchemaMigration Create (3.3ms)[0m  [1m[32mINSERT INTO "schema_migrations" ("version") VALUES ($1) RETURNING "version"[0m  [["version", "20201002213703"]]
  ↳ bin/rails:9
  [1m[35m (0.5ms)[0m  [1m[35mCOMMIT[0m
  ↳ bin/rails:9
  [1m[36mActiveRecord::InternalMetadata Load (0.6ms)[0m  [1m[34mSELECT  "ar_internal_metadata".* FROM "ar_internal_metadata" WHERE "ar_internal_metadata"."key" = $1 LIMIT $2[0m  [["key", "environment"], ["LIMIT", 1]]
  ↳ bin/rails:9
  [1m[35m (0.6ms)[0m  [1m[35mBEGIN[0m
  ↳ bin/rails:9
  [1m[36mActiveRecord::InternalMetadata Create (0.9ms)[0m  [1m[32mINSERT INTO "ar_internal_metadata" ("key", "value", "created_at", "updated_at") VALUES ($1, $2, $3, $4) RETURNING "key"[0m  [["key", "environment"], ["value", "development"], ["created_at", "2020-10-02 21:42:34.032007"], ["updated_at", "2020-10-02 21:42:34.032007"]]
  ↳ bin/rails:9
  [1m[35m (0.8ms)[0m  [1m[35mCOMMIT[0m
  ↳ bin/rails:9
  [1m[35m (0.5ms)[0m  [1m[34mSELECT pg_advisory_unlock(482032964857270260)[0m
  ↳ bin/rails:9
  [1m[35m (0.4ms)[0m  [1m[34mSELECT "schema_migrations"."version" FROM "schema_migrations" ORDER BY "schema_migrations"."version" ASC[0m
  ↳ bin/rails:9
  [1m[35m (0.9ms)[0m  [1m[34mSELECT "schema_migrations"."version" FROM "schema_migrations" ORDER BY "schema_migrations"."version" ASC[0m
  ↳ bin/rails:9
  [1m[35m (0.2ms)[0m  [1m[34mSELECT pg_try_advisory_lock(482032964857270260)[0m
  ↳ bin/rails:9
  [1m[35m (0.7ms)[0m  [1m[34mSELECT "schema_migrations"."version" FROM "schema_migrations" ORDER BY "schema_migrations"."version" ASC[0m
  ↳ bin/rails:9
  [1m[36mActiveRecord::InternalMetadata Load (0.7ms)[0m  [1m[34mSELECT  "ar_internal_metadata".* FROM "ar_internal_metadata" WHERE "ar_internal_metadata"."key" = $1 LIMIT $2[0m  [["key", "environment"], ["LIMIT", 1]]
  ↳ bin/rails:9
  [1m[35m (0.1ms)[0m  [1m[35mBEGIN[0m
  ↳ bin/rails:9
  [1m[35m (0.1ms)[0m  [1m[35mCOMMIT[0m
  ↳ bin/rails:9
  [1m[35m (0.2ms)[0m  [1m[34mSELECT pg_advisory_unlock(482032964857270260)[0m
  ↳ bin/rails:9
  [1m[35m (0.2ms)[0m  [1m[34mSELECT "schema_migrations"."version" FROM "schema_migrations" ORDER BY "schema_migrations"."version" ASC[0m
  ↳ bin/rails:9
  [1m[35m (1.4ms)[0m  [1m[34mSELECT "schema_migrations"."version" FROM "schema_migrations" ORDER BY "schema_migrations"."version" ASC[0m
  ↳ bin/rails:9
  [1m[36mTodo Load (0.9ms)[0m  [1m[34mSELECT "todos".* FROM "todos"[0m
  ↳ db/seeds.rb:8
  [1m[35m (0.1ms)[0m  [1m[35mBEGIN[0m
  ↳ db/seeds.rb:10
  [1m[36mTodo Create (1.7ms)[0m  [1m[32mINSERT INTO "todos" ("title", "body", "done", "created_at", "updated_at") VALUES ($1, $2, $3, $4, $5) RETURNING "id"[0m  [["title", "Mow the lawn"], ["body", "Get enough money"], ["done", false], ["created_at", "2020-10-02 21:47:57.160418"], ["updated_at", "2020-10-02 21:47:57.160418"]]
  ↳ db/seeds.rb:10
  [1m[35m (0.4ms)[0m  [1m[35mCOMMIT[0m
  ↳ db/seeds.rb:10
  [1m[35m (0.1ms)[0m  [1m[35mBEGIN[0m
  ↳ db/seeds.rb:11
  [1m[36mTodo Create (0.4ms)[0m  [1m[32mINSERT INTO "todos" ("title", "body", "done", "created_at", "updated_at") VALUES ($1, $2, $3, $4, $5) RETURNING "id"[0m  [["title", "Swim"], ["body", "Get exercise"], ["done", false], ["created_at", "2020-10-02 21:47:57.164703"], ["updated_at", "2020-10-02 21:47:57.164703"]]
  ↳ db/seeds.rb:11
  [1m[35m (0.4ms)[0m  [1m[35mCOMMIT[0m
  ↳ db/seeds.rb:11
  [1m[35m (0.1ms)[0m  [1m[35mBEGIN[0m
  ↳ db/seeds.rb:12
  [1m[36mTodo Create (0.4ms)[0m  [1m[32mINSERT INTO "todos" ("title", "body", "done", "created_at", "updated_at") VALUES ($1, $2, $3, $4, $5) RETURNING "id"[0m  [["title", "Drink Water"], ["body", "Be more healthy"], ["done", true], ["created_at", "2020-10-02 21:47:57.166658"], ["updated_at", "2020-10-02 21:47:57.166658"]]
  ↳ db/seeds.rb:12
  [1m[35m (0.4ms)[0m  [1m[35mCOMMIT[0m
  ↳ db/seeds.rb:12
  [1m[35m (0.1ms)[0m  [1m[35mBEGIN[0m
  ↳ db/seeds.rb:13
  [1m[36mTodo Create (0.3ms)[0m  [1m[32mINSERT INTO "todos" ("title", "body", "done", "created_at", "updated_at") VALUES ($1, $2, $3, $4, $5) RETURNING "id"[0m  [["title", "Be more social"], ["body", "Hit up a club"], ["done", false], ["created_at", "2020-10-02 21:47:57.168956"], ["updated_at", "2020-10-02 21:47:57.168956"]]
  ↳ db/seeds.rb:13
  [1m[35m (0.3ms)[0m  [1m[35mCOMMIT[0m
  ↳ db/seeds.rb:13
  [1m[35m (0.1ms)[0m  [1m[35mBEGIN[0m
  ↳ db/seeds.rb:14
  [1m[36mTodo Create (0.3ms)[0m  [1m[32mINSERT INTO "todos" ("title", "body", "done", "created_at", "updated_at") VALUES ($1, $2, $3, $4, $5) RETURNING "id"[0m  [["title", "Win kahoot"], ["body", "Get gud"], ["done", true], ["created_at", "2020-10-02 21:47:57.170733"], ["updated_at", "2020-10-02 21:47:57.170733"]]
  ↳ db/seeds.rb:14
  [1m[35m (0.2ms)[0m  [1m[35mCOMMIT[0m
  ↳ db/seeds.rb:14
  [1m[36mTodo Load (0.7ms)[0m  [1m[34mSELECT "todos".* FROM "todos"[0m
Started GET "/" for ::1 at 2020-10-02 14:59:27 -0700
  [1m[35m (0.8ms)[0m  [1m[34mSELECT "schema_migrations"."version" FROM "schema_migrations" ORDER BY "schema_migrations"."version" ASC[0m
  ↳ /Users/derekxu/.rbenv/versions/2.5.1/lib/ruby/gems/2.5.0/gems/activerecord-5.2.4.4/lib/active_record/log_subscriber.rb:98
Processing by StaticPagesController#root as HTML
  Rendering static_pages/root.html.erb within layouts/application
  Rendered static_pages/root.html.erb within layouts/application (10.0ms)
Completed 200 OK in 1045ms (Views: 1044.2ms | ActiveRecord: 0.0ms)


Started GET "/" for 127.0.0.1 at 2020-10-02 14:59:38 -0700
Processing by StaticPagesController#root as HTML
  Rendering static_pages/root.html.erb within layouts/application
  Rendered static_pages/root.html.erb within layouts/application (0.5ms)
Completed 200 OK in 87ms (Views: 86.4ms | ActiveRecord: 0.0ms)


Started GET "/api/todos" for 127.0.0.1 at 2020-10-02 15:01:32 -0700
Processing by Api::TodosController#index as JSON
  [1m[36mTodo Load (1.8ms)[0m  [1m[34mSELECT "todos".* FROM "todos"[0m
  ↳ app/controllers/api/todos_controller.rb:8
Completed 200 OK in 34ms (Views: 11.7ms | ActiveRecord: 16.6ms)


Started POST "/api/todos" for 127.0.0.1 at 2020-10-02 15:04:35 -0700
Processing by Api::TodosController#create as JSON
  Parameters: {"title"=>"eat Good Food", "body"=>"Unagi", "done"=>"false"}
Completed 400 Bad Request in 15ms (ActiveRecord: 0.0ms)


  
ActionController::ParameterMissing (param is missing or the value is empty: todo):
  
app/controllers/api/todos_controller.rb:37:in `todo_params'
app/controllers/api/todos_controller.rb:12:in `create'
Started POST "/api/todos" for 127.0.0.1 at 2020-10-02 15:05:31 -0700
Processing by Api::TodosController#create as JSON
  Parameters: {"todo"=>{"title"=>"eat Good Food", "body"=>"Unagi", "done"=>"false"}}
  [1m[35m (0.2ms)[0m  [1m[35mBEGIN[0m
  ↳ app/controllers/api/todos_controller.rb:13
  [1m[36mTodo Create (1.5ms)[0m  [1m[32mINSERT INTO "todos" ("title", "body", "done", "created_at", "updated_at") VALUES ($1, $2, $3, $4, $5) RETURNING "id"[0m  [["title", "eat Good Food"], ["body", "Unagi"], ["done", false], ["created_at", "2020-10-02 22:05:31.725501"], ["updated_at", "2020-10-02 22:05:31.725501"]]
  ↳ app/controllers/api/todos_controller.rb:13
  [1m[35m (0.8ms)[0m  [1m[35mCOMMIT[0m
  ↳ app/controllers/api/todos_controller.rb:13
Completed 200 OK in 12ms (Views: 0.8ms | ActiveRecord: 2.5ms)


Started GET "/api/todos" for 127.0.0.1 at 2020-10-02 15:05:42 -0700
Processing by Api::TodosController#index as JSON
  [1m[36mTodo Load (1.0ms)[0m  [1m[34mSELECT "todos".* FROM "todos"[0m
  ↳ app/controllers/api/todos_controller.rb:8
Completed 200 OK in 9ms (Views: 7.3ms | ActiveRecord: 1.0ms)


Started PATCH "/api/todos/6" for 127.0.0.1 at 2020-10-02 15:07:23 -0700
Processing by Api::TodosController#update as JSON
  Parameters: {"todo"=>{"done"=>"true"}, "id"=>"6"}
  [1m[36mTodo Load (0.8ms)[0m  [1m[34mSELECT  "todos".* FROM "todos" WHERE "todos"."id" = $1 LIMIT $2[0m  [["id", 6], ["LIMIT", 1]]
  ↳ app/controllers/api/todos_controller.rb:21
  [1m[35m (0.2ms)[0m  [1m[35mBEGIN[0m
  ↳ app/controllers/api/todos_controller.rb:22
  [1m[36mTodo Update (0.6ms)[0m  [1m[33mUPDATE "todos" SET "done" = $1, "updated_at" = $2 WHERE "todos"."id" = $3[0m  [["done", true], ["updated_at", "2020-10-02 22:07:23.140072"], ["id", 6]]
  ↳ app/controllers/api/todos_controller.rb:22
  [1m[35m (0.7ms)[0m  [1m[35mCOMMIT[0m
  ↳ app/controllers/api/todos_controller.rb:22
Completed 200 OK in 32ms (Views: 0.7ms | ActiveRecord: 2.6ms)


Started GET "/api/todos" for 127.0.0.1 at 2020-10-02 15:07:28 -0700
Processing by Api::TodosController#index as JSON
  [1m[36mTodo Load (0.4ms)[0m  [1m[34mSELECT "todos".* FROM "todos"[0m
  ↳ app/controllers/api/todos_controller.rb:8
Completed 200 OK in 6ms (Views: 5.1ms | ActiveRecord: 0.4ms)


Started DELETE "/api/todos/6" for 127.0.0.1 at 2020-10-02 15:07:57 -0700
Processing by Api::TodosController#destroy as JSON
  Parameters: {"id"=>"6"}
  [1m[36mTodo Load (0.4ms)[0m  [1m[34mSELECT  "todos".* FROM "todos" WHERE "todos"."id" = $1 LIMIT $2[0m  [["id", 6], ["LIMIT", 1]]
  ↳ app/controllers/api/todos_controller.rb:30
  [1m[35m (0.2ms)[0m  [1m[35mBEGIN[0m
  ↳ app/controllers/api/todos_controller.rb:31
  [1m[36mTodo Destroy (0.5ms)[0m  [1m[31mDELETE FROM "todos" WHERE "todos"."id" = $1[0m  [["id", 6]]
  ↳ app/controllers/api/todos_controller.rb:31
  [1m[35m (0.7ms)[0m  [1m[35mCOMMIT[0m
  ↳ app/controllers/api/todos_controller.rb:31
Completed 200 OK in 8ms (Views: 0.5ms | ActiveRecord: 1.7ms)


Started GET "/api/todos" for 127.0.0.1 at 2020-10-02 15:08:03 -0700
Processing by Api::TodosController#index as JSON
  [1m[36mTodo Load (0.4ms)[0m  [1m[34mSELECT "todos".* FROM "todos"[0m
  ↳ app/controllers/api/todos_controller.rb:8
Completed 200 OK in 4ms (Views: 3.4ms | ActiveRecord: 0.4ms)


Started GET "/" for 127.0.0.1 at 2020-10-02 15:17:13 -0700
Processing by StaticPagesController#root as HTML
Started GET "/" for ::1 at 2020-10-02 15:17:14 -0700
  Rendering static_pages/root.html.erb within layouts/application
  Rendered static_pages/root.html.erb within layouts/application (2.8ms)
Processing by StaticPagesController#root as HTML
  Rendering static_pages/root.html.erb within layouts/application
  Rendered static_pages/root.html.erb within layouts/application (0.6ms)
Completed 200 OK in 109ms (Views: 109.2ms | ActiveRecord: 0.0ms)


Completed 200 OK in 264ms (Views: 248.2ms | ActiveRecord: 0.0ms)


Started GET "/" for 127.0.0.1 at 2020-10-02 15:17:33 -0700
Processing by StaticPagesController#root as HTML
  Rendering static_pages/root.html.erb within layouts/application
  Rendered static_pages/root.html.erb within layouts/application (0.4ms)
Completed 200 OK in 53ms (Views: 52.4ms | ActiveRecord: 0.0ms)


Started GET "/" for 127.0.0.1 at 2020-10-02 15:18:47 -0700
Processing by StaticPagesController#root as HTML
  Rendering static_pages/root.html.erb within layouts/application
  Rendered static_pages/root.html.erb within layouts/application (0.4ms)
Completed 200 OK in 48ms (Views: 47.4ms | ActiveRecord: 0.0ms)


Started GET "/" for 127.0.0.1 at 2020-10-02 15:19:02 -0700
Processing by StaticPagesController#root as HTML
  Rendering static_pages/root.html.erb within layouts/application
  Rendered static_pages/root.html.erb within layouts/application (0.4ms)
Completed 200 OK in 1027ms (Views: 1027.1ms | ActiveRecord: 0.0ms)


Started GET "/" for ::1 at 2020-10-02 15:19:06 -0700
Processing by StaticPagesController#root as HTML
  Rendering static_pages/root.html.erb within layouts/application
  Rendered static_pages/root.html.erb within layouts/application (0.4ms)
Completed 200 OK in 76ms (Views: 75.9ms | ActiveRecord: 0.0ms)


Started GET "/" for ::1 at 2020-10-02 15:19:19 -0700
Processing by StaticPagesController#root as HTML
  Rendering static_pages/root.html.erb within layouts/application
  Rendered static_pages/root.html.erb within layouts/application (0.5ms)
Completed 200 OK in 36ms (Views: 35.7ms | ActiveRecord: 0.0ms)


Started GET "/" for 127.0.0.1 at 2020-10-02 15:19:23 -0700
Processing by StaticPagesController#root as HTML
  Rendering static_pages/root.html.erb within layouts/application
  Rendered static_pages/root.html.erb within layouts/application (0.4ms)
Completed 200 OK in 43ms (Views: 42.3ms | ActiveRecord: 0.0ms)


Started GET "/" for ::1 at 2020-10-02 15:23:14 -0700
Processing by StaticPagesController#root as HTML
  Rendering static_pages/root.html.erb within layouts/application
  Rendered static_pages/root.html.erb within layouts/application (1.2ms)
Completed 200 OK in 641ms (Views: 641.3ms | ActiveRecord: 0.0ms)


Started GET "/" for 127.0.0.1 at 2020-10-02 15:23:17 -0700
Processing by StaticPagesController#root as HTML
  Rendering static_pages/root.html.erb within layouts/application
  Rendered static_pages/root.html.erb within layouts/application (0.8ms)
Completed 200 OK in 47ms (Views: 46.6ms | ActiveRecord: 0.0ms)


Started GET "/api/todos" for ::1 at 2020-10-02 15:23:20 -0700
Processing by Api::TodosController#index as JSON
  [1m[36mTodo Load (1.8ms)[0m  [1m[34mSELECT "todos".* FROM "todos"[0m
  ↳ app/controllers/api/todos_controller.rb:8
Completed 200 OK in 8ms (Views: 5.7ms | ActiveRecord: 1.8ms)


Started GET "/api/todos" for ::1 at 2020-10-02 15:23:39 -0700
Processing by Api::TodosController#index as JSON
  [1m[36mTodo Load (2.1ms)[0m  [1m[34mSELECT "todos".* FROM "todos"[0m
  ↳ app/controllers/api/todos_controller.rb:8
Completed 200 OK in 7ms (Views: 4.2ms | ActiveRecord: 2.1ms)


Started GET "/api/todos" for 127.0.0.1 at 2020-10-02 15:23:40 -0700
Processing by Api::TodosController#index as JSON
  [1m[36mTodo Load (0.7ms)[0m  [1m[34mSELECT "todos".* FROM "todos"[0m
  ↳ app/controllers/api/todos_controller.rb:8
Completed 200 OK in 3ms (Views: 2.4ms | ActiveRecord: 0.7ms)


Started GET "/api/todos" for 127.0.0.1 at 2020-10-02 15:23:54 -0700
Processing by Api::TodosController#index as JSON
  [1m[36mTodo Load (0.5ms)[0m  [1m[34mSELECT "todos".* FROM "todos"[0m
  ↳ app/controllers/api/todos_controller.rb:8
Completed 200 OK in 4ms (Views: 3.4ms | ActiveRecord: 0.5ms)


Started GET "/api/todos" for 127.0.0.1 at 2020-10-02 15:24:03 -0700
Processing by Api::TodosController#index as JSON
  [1m[36mTodo Load (0.4ms)[0m  [1m[34mSELECT "todos".* FROM "todos"[0m
  ↳ app/controllers/api/todos_controller.rb:8
Completed 200 OK in 5ms (Views: 3.9ms | ActiveRecord: 0.4ms)


Started GET "/" for ::1 at 2020-10-02 15:29:02 -0700
Processing by StaticPagesController#root as HTML
  Rendering static_pages/root.html.erb within layouts/application
  Rendered static_pages/root.html.erb within layouts/application (4.0ms)
Completed 200 OK in 740ms (Views: 737.1ms | ActiveRecord: 0.0ms)


Started GET "/" for 127.0.0.1 at 2020-10-02 15:29:04 -0700
Processing by StaticPagesController#root as HTML
  Rendering static_pages/root.html.erb within layouts/application
  Rendered static_pages/root.html.erb within layouts/application (0.5ms)
Completed 200 OK in 182ms (Views: 181.3ms | ActiveRecord: 0.0ms)


Started GET "/" for 127.0.0.1 at 2020-10-02 15:34:18 -0700
Processing by StaticPagesController#root as HTML
  Rendering static_pages/root.html.erb within layouts/application
  Rendered static_pages/root.html.erb within layouts/application (2.6ms)
Completed 200 OK in 666ms (Views: 664.8ms | ActiveRecord: 0.0ms)


Started GET "/api/todos" for 127.0.0.1 at 2020-10-02 15:34:39 -0700
Processing by Api::TodosController#index as JSON
  [1m[36mTodo Load (2.4ms)[0m  [1m[34mSELECT "todos".* FROM "todos"[0m
  ↳ app/controllers/api/todos_controller.rb:8
Completed 200 OK in 15ms (Views: 9.9ms | ActiveRecord: 2.4ms)


Started GET "/" for 127.0.0.1 at 2020-10-02 15:35:33 -0700
Processing by StaticPagesController#root as HTML
  Rendering static_pages/root.html.erb within layouts/application
  Rendered static_pages/root.html.erb within layouts/application (0.7ms)
Completed 200 OK in 553ms (Views: 552.2ms | ActiveRecord: 0.0ms)


Started GET "/api/todos" for 127.0.0.1 at 2020-10-02 15:35:36 -0700
Processing by Api::TodosController#index as JSON
  [1m[36mTodo Load (0.4ms)[0m  [1m[34mSELECT "todos".* FROM "todos"[0m
  ↳ app/controllers/api/todos_controller.rb:8
Completed 200 OK in 3ms (Views: 1.9ms | ActiveRecord: 0.4ms)


Started GET "/" for 127.0.0.1 at 2020-10-02 15:38:33 -0700
Processing by StaticPagesController#root as HTML
  Rendering static_pages/root.html.erb within layouts/application
  Rendered static_pages/root.html.erb within layouts/application (2.1ms)
Completed 200 OK in 549ms (Views: 546.9ms | ActiveRecord: 0.0ms)


Started GET "/" for 127.0.0.1 at 2020-10-02 15:39:09 -0700
Processing by StaticPagesController#root as HTML
  Rendering static_pages/root.html.erb within layouts/application
  Rendered static_pages/root.html.erb within layouts/application (1.8ms)
Completed 200 OK in 774ms (Views: 773.8ms | ActiveRecord: 0.0ms)


Started GET "/api/todos" for 127.0.0.1 at 2020-10-02 15:39:12 -0700
Processing by Api::TodosController#index as JSON
  [1m[36mTodo Load (0.8ms)[0m  [1m[34mSELECT "todos".* FROM "todos"[0m
  ↳ app/controllers/api/todos_controller.rb:8
Completed 200 OK in 11ms (Views: 9.2ms | ActiveRecord: 0.8ms)


Started GET "/" for 127.0.0.1 at 2020-10-02 15:41:21 -0700
Processing by StaticPagesController#root as HTML
  Rendering static_pages/root.html.erb within layouts/application
  Rendered static_pages/root.html.erb within layouts/application (1.6ms)
Completed 200 OK in 1880ms (Views: 1879.6ms | ActiveRecord: 0.0ms)


Started GET "/" for 127.0.0.1 at 2020-10-02 15:41:32 -0700
Processing by StaticPagesController#root as HTML
  Rendering static_pages/root.html.erb within layouts/application
  Rendered static_pages/root.html.erb within layouts/application (3.6ms)
Completed 200 OK in 66ms (Views: 65.2ms | ActiveRecord: 0.0ms)


Started GET "/" for 127.0.0.1 at 2020-10-02 15:41:44 -0700
Processing by StaticPagesController#root as HTML
  Rendering static_pages/root.html.erb within layouts/application
  Rendered static_pages/root.html.erb within layouts/application (1.2ms)
Completed 200 OK in 530ms (Views: 529.2ms | ActiveRecord: 0.0ms)


Started GET "/api/todos" for 127.0.0.1 at 2020-10-02 15:41:47 -0700
Processing by Api::TodosController#index as JSON
  [1m[36mTodo Load (0.8ms)[0m  [1m[34mSELECT "todos".* FROM "todos"[0m
  ↳ app/controllers/api/todos_controller.rb:8
Completed 200 OK in 11ms (Views: 8.9ms | ActiveRecord: 0.8ms)


Started POST "/api/todos" for 127.0.0.1 at 2020-10-02 15:43:08 -0700
Processing by Api::TodosController#create as JSON
  Parameters: {"todo"=>{"title"=>"Get gud", "body"=>"Genshin Impact"}}
  [1m[35m (0.2ms)[0m  [1m[35mBEGIN[0m
  ↳ app/controllers/api/todos_controller.rb:13
  [1m[35m (0.2ms)[0m  [1m[31mROLLBACK[0m
  ↳ app/controllers/api/todos_controller.rb:13
Completed 422 Unprocessable Entity in 42ms (Views: 0.2ms | ActiveRecord: 0.4ms)


Started POST "/api/todos" for 127.0.0.1 at 2020-10-02 15:43:20 -0700
Processing by Api::TodosController#create as JSON
  Parameters: {"todo"=>{"title"=>"Get gud", "body"=>"Genshin Impact", "done"=>"false"}}
  [1m[35m (1.6ms)[0m  [1m[35mBEGIN[0m
  ↳ app/controllers/api/todos_controller.rb:13
  [1m[36mTodo Create (5.7ms)[0m  [1m[32mINSERT INTO "todos" ("title", "body", "done", "created_at", "updated_at") VALUES ($1, $2, $3, $4, $5) RETURNING "id"[0m  [["title", "Get gud"], ["body", "Genshin Impact"], ["done", false], ["created_at", "2020-10-02 22:43:20.557733"], ["updated_at", "2020-10-02 22:43:20.557733"]]
  ↳ app/controllers/api/todos_controller.rb:13
  [1m[35m (1.6ms)[0m  [1m[35mCOMMIT[0m
  ↳ app/controllers/api/todos_controller.rb:13
Completed 200 OK in 20ms (Views: 0.9ms | ActiveRecord: 8.8ms)


Started POST "/api/todos" for 127.0.0.1 at 2020-10-02 15:43:51 -0700
Processing by Api::TodosController#create as JSON
  Parameters: {"todo"=>{"title"=>"Get gud", "body"=>"Genshin Impact"}}
  [1m[35m (0.2ms)[0m  [1m[35mBEGIN[0m
  ↳ app/controllers/api/todos_controller.rb:13
  [1m[35m (0.2ms)[0m  [1m[31mROLLBACK[0m
  ↳ app/controllers/api/todos_controller.rb:13
Completed 422 Unprocessable Entity in 5ms (Views: 0.2ms | ActiveRecord: 0.3ms)


Started GET "/" for 127.0.0.1 at 2020-10-02 15:44:17 -0700
Processing by StaticPagesController#root as HTML
  Rendering static_pages/root.html.erb within layouts/application
  Rendered static_pages/root.html.erb within layouts/application (1.4ms)
Completed 200 OK in 74ms (Views: 73.4ms | ActiveRecord: 0.0ms)


Started GET "/api/todos" for 127.0.0.1 at 2020-10-02 15:44:19 -0700
Processing by Api::TodosController#index as JSON
  [1m[36mTodo Load (0.4ms)[0m  [1m[34mSELECT "todos".* FROM "todos"[0m
  ↳ app/controllers/api/todos_controller.rb:8
Completed 200 OK in 3ms (Views: 2.3ms | ActiveRecord: 0.4ms)


Started GET "/" for 127.0.0.1 at 2020-10-02 15:44:41 -0700
Processing by StaticPagesController#root as HTML
  Rendering static_pages/root.html.erb within layouts/application
  Rendered static_pages/root.html.erb within layouts/application (0.9ms)
Completed 200 OK in 38ms (Views: 37.5ms | ActiveRecord: 0.0ms)


Started GET "/api/todos" for 127.0.0.1 at 2020-10-02 15:44:42 -0700
Processing by Api::TodosController#index as JSON
  [1m[36mTodo Load (0.4ms)[0m  [1m[34mSELECT "todos".* FROM "todos"[0m
  ↳ app/controllers/api/todos_controller.rb:8
Completed 200 OK in 3ms (Views: 2.1ms | ActiveRecord: 0.4ms)


